<?xml version="1.0" encoding="UTF-8"?>
<!-- Generated by org.testng.reporters.JUnitXMLReporter -->
<testsuite ignored="1" hostname="DESKTOP-21OK3DV" failures="1" tests="20" name="Regression3" time="53.806" errors="0" timestamp="2023-03-28T21:57:16 CEST">
  <testcase classname="ui.TestsAmericanoMedia" name="StartLoginTest" time="0.844"/>
  <testcase classname="ui.TestsAmericanoMedia" name="EmptyLoginTest" time="0.177"/>
  <testcase classname="ui.TestsAmericanoMedia" name="WrongLoginTest" time="13.255">
    <failure type="org.openqa.selenium.NoSuchElementException" message="no such element: Unable to locate element: {&amp;quot;method&amp;quot;:&amp;quot;css selector&amp;quot;,&amp;quot;selector&amp;quot;:&amp;quot;#auto\-login\-usernotfound&amp;quot;}
  (Session info: chrome=111.0.5563.111)
For documentation on this error, please visit: https://selenium.dev/exceptions/#no_such_element
Build info: version: &amp;apos;4.4.0&amp;apos;, revision: &amp;apos;e5c75ed026a&amp;apos;
System info: host: &amp;apos;DESKTOP-21OK3DV&amp;apos;, ip: &amp;apos;192.168.1.103&amp;apos;, os.name: &amp;apos;Windows 10&amp;apos;, os.arch: &amp;apos;amd64&amp;apos;, os.version: &amp;apos;10.0&amp;apos;, java.version: &amp;apos;17.0.6&amp;apos;
Driver info: org.openqa.selenium.chrome.ChromeDriver
Command: [bc9773f56ec51aba42453bfaf99cf41d, findElement {using=id, value=auto-login-usernotfound}]
Capabilities {acceptInsecureCerts: false, browserName: chrome, browserVersion: 111.0.5563.111, chrome: {chromedriverVersion: 111.0.5563.64 (c710e93d5b63..., userDataDir: C:\Users\mitei\AppData\Loca...}, goog:chromeOptions: {debuggerAddress: localhost:58333}, networkConnectionEnabled: false, pageLoadStrategy: normal, platformName: WINDOWS, proxy: Proxy(), se:cdp: ws://localhost:58333/devtoo..., se:cdpVersion: 111.0.5563.111, setWindowRect: true, strictFileInteractability: false, timeouts: {implicit: 0, pageLoad: 300000, script: 30000}, unhandledPromptBehavior: dismiss and notify, webauthn:extension:credBlob: true, webauthn:extension:largeBlob: true, webauthn:extension:minPinLength: true, webauthn:extension:prf: true, webauthn:virtualAuthenticators: true}
Session ID: bc9773f56ec51aba42453bfaf99cf41d">
      <![CDATA[org.openqa.selenium.NoSuchElementException: no such element: Unable to locate element: {"method":"css selector","selector":"#auto\-login\-usernotfound"}
  (Session info: chrome=111.0.5563.111)
For documentation on this error, please visit: https://selenium.dev/exceptions/#no_such_element
Build info: version: '4.4.0', revision: 'e5c75ed026a'
System info: host: 'DESKTOP-21OK3DV', ip: '192.168.1.103', os.name: 'Windows 10', os.arch: 'amd64', os.version: '10.0', java.version: '17.0.6'
Driver info: org.openqa.selenium.chrome.ChromeDriver
Command: [bc9773f56ec51aba42453bfaf99cf41d, findElement {using=id, value=auto-login-usernotfound}]
Capabilities {acceptInsecureCerts: false, browserName: chrome, browserVersion: 111.0.5563.111, chrome: {chromedriverVersion: 111.0.5563.64 (c710e93d5b63..., userDataDir: C:\Users\mitei\AppData\Loca...}, goog:chromeOptions: {debuggerAddress: localhost:58333}, networkConnectionEnabled: false, pageLoadStrategy: normal, platformName: WINDOWS, proxy: Proxy(), se:cdp: ws://localhost:58333/devtoo..., se:cdpVersion: 111.0.5563.111, setWindowRect: true, strictFileInteractability: false, timeouts: {implicit: 0, pageLoad: 300000, script: 30000}, unhandledPromptBehavior: dismiss and notify, webauthn:extension:credBlob: true, webauthn:extension:largeBlob: true, webauthn:extension:minPinLength: true, webauthn:extension:prf: true, webauthn:virtualAuthenticators: true}
Session ID: bc9773f56ec51aba42453bfaf99cf41d
at org.openqa.selenium.remote.codec.w3c.W3CHttpResponseCodec.createException(W3CHttpResponseCodec.java:200)
at org.openqa.selenium.remote.codec.w3c.W3CHttpResponseCodec.decode(W3CHttpResponseCodec.java:133)
at org.openqa.selenium.remote.codec.w3c.W3CHttpResponseCodec.decode(W3CHttpResponseCodec.java:53)
at org.openqa.selenium.remote.HttpCommandExecutor.execute(HttpCommandExecutor.java:184)
at org.openqa.selenium.remote.service.DriverCommandExecutor.invokeExecute(DriverCommandExecutor.java:167)
at org.openqa.selenium.remote.service.DriverCommandExecutor.execute(DriverCommandExecutor.java:142)
at org.openqa.selenium.remote.RemoteWebDriver.execute(RemoteWebDriver.java:547)
at org.openqa.selenium.remote.ElementLocation$ElementFinder$2.findElement(ElementLocation.java:162)
at org.openqa.selenium.remote.ElementLocation.findElement(ElementLocation.java:60)
at org.openqa.selenium.remote.RemoteWebDriver.findElement(RemoteWebDriver.java:365)
at org.openqa.selenium.remote.RemoteWebDriver.findElement(RemoteWebDriver.java:357)
at ui.TestsAmericanoMedia.WrongLoginTest(TestsAmericanoMedia.java:137)
at java.base/java.util.ArrayList.forEach(ArrayList.java:1511)
... Removed 32 stack frames]]>
    </failure>
  </testcase> <!-- WrongLoginTest -->
  <testcase classname="ui.TestsAmericanoMedia" name="SuccessfulLoginTest" time="3.477"/>
  <testcase classname="ui.TestsAmericanoMedia" name="MyAccountTest" time="4.371"/>
  <testcase classname="ui.TestsAmericanoMedia" name="LogoutTest" time="1.041"/>
  <testcase classname="ui.TestsAmericanoMedia" name="StartForgotPasswordTest" time="0.437"/>
  <testcase classname="ui.TestsAmericanoMedia" name="EmptyMailTest" time="0.114"/>
  <testcase classname="ui.TestsAmericanoMedia" name="WrongFormatMailTest" time="0.109"/>
  <testcase classname="ui.TestsAmericanoMedia" name="NotExistingMailTest" time="3.171"/>
  <testcase classname="ui.TestsAmericanoMedia" name="CancelButtonTest" time="0.116"/>
  <testcase classname="ui.TestsAmericanoMedia" name="InitialSubscribeTest" time="0.101"/>
  <testcase classname="ui.TestsAmericanoMedia" name="SubscribeCancelTest" time="3.052"/>
  <testcase classname="ui.TestsAmericanoMedia" name="CheckSubscribeFieldsTest" time="0.142"/>
  <testcase classname="ui.TestsAmericanoMedia" name="SubscribeEmptyFieldsTest" time="0.106"/>
  <testcase classname="ui.TestsAmericanoMedia" name="SubscribeBadFormatedMailTest" time="0.073"/>
  <testcase classname="ui.TestsAmericanoMedia" name="SubscribeShortPasswordTest" time="0.075"/>
  <testcase classname="ui.TestsAmericanoMedia" name="SubscribeEnterFirstNameTest" time="0.055"/>
  <testcase classname="ui.TestsAmericanoMedia" name="SubscribeExistedUserTest" time="5.455"/>
  <testcase classname="ui.TestsAmericanoMedia" name="SubscribeCreateNewUserTest" time="1.657"/>
  <testcase classname="ui.TestsAmericanoMedia" name="SuccessfulFacebookLoginTest" time="0.0">
    <ignored/>
  </testcase> <!-- SuccessfulFacebookLoginTest -->
</testsuite> <!-- Regression3 -->
