<html>
<head>
<title>TestNG:  Test</title>
<link href="../testng.css" rel="stylesheet" type="text/css" />
<link href="../my-testng.css" rel="stylesheet" type="text/css" />

<style type="text/css">
.log { display: none;} 
.stack-trace { display: none;} 
</style>
<script type="text/javascript">
<!--
function flip(e) {
  current = e.style.display;
  if (current == 'block') {
    e.style.display = 'none';
    return 0;
  }
  else {
    e.style.display = 'block';
    return 1;
  }
}

function toggleBox(szDivId, elem, msg1, msg2)
{
  var res = -1;  if (document.getElementById) {
    res = flip(document.getElementById(szDivId));
  }
  else if (document.all) {
    // this is the way old msie versions work
    res = flip(document.all[szDivId]);
  }
  if(elem) {
    if(res == 0) elem.innerHTML = msg1; else elem.innerHTML = msg2;
  }

}

function toggleAllBoxes() {
  if (document.getElementsByTagName) {
    d = document.getElementsByTagName('div');
    for (i = 0; i < d.length; i++) {
      if (d[i].className == 'log') {
        flip(d[i]);
      }
    }
  }
}

// -->
</script>

</head>
<body>
<h2 align='center'>Test</h2><table border='1' align="center">
<tr>
<td>Tests passed/Failed/Skipped:</td><td>28/2/0</td>
</tr><tr>
<td>Started on:</td><td>Fri Sep 23 16:30:22 CEST 2022</td>
</tr>
<tr><td>Total time:</td><td>144 seconds (144186 ms)</td>
</tr><tr>
<td>Included groups:</td><td></td>
</tr><tr>
<td>Excluded groups:</td><td></td>
</tr>
</table><p/>
<small><i>(Hover the method name to see the test class name)</i></small><p/>
<table width='100%' border='1' class='invocation-failed'>
<tr><td colspan='4' align='center'><b>FAILED TESTS</b></td></tr>
<tr><td><b>Test method</b></td>
<td width="30%"><b>Exception</b></td>
<td width="10%"><b>Time (seconds)</b></td>
<td><b>Instance</b></td>
</tr>
<tr>
<td title='ui.TestsPanam.NotExistingMailTest()'><b>NotExistingMailTest</b><br>Test class: ui.TestsPanam</td>
<td><div><pre>org.openqa.selenium.NoSuchElementException: no such element: Unable to locate element: {&quot;method&quot;:&quot;css selector&quot;,&quot;selector&quot;:&quot;#auto\-test\-forgotpass1&quot;}
  (Session info: chrome=105.0.5195.125)
For documentation on this error, please visit: https://www.seleniumhq.org/exceptions/no_such_element.html
Build info: version: &apos;3.141.59&apos;, revision: &apos;e82be7d358&apos;, time: &apos;2018-11-14T08:17:03&apos;
System info: host: &apos;Ljupcos-Air&apos;, ip: &apos;fe80:0:0:0:1832:5ce0:4743:1d8d%en0&apos;, os.name: &apos;Mac OS X&apos;, os.arch: &apos;x86_64&apos;, os.version: &apos;10.16&apos;, java.version: &apos;13.0.2&apos;
Driver info: org.openqa.selenium.chrome.ChromeDriver
Capabilities {acceptInsecureCerts: false, browserName: chrome, browserVersion: 105.0.5195.125, chrome: {chromedriverVersion: 105.0.5195.52 (412c95e51883..., userDataDir: /var/folders/5q/b40p0g4154l...}, goog:chromeOptions: {debuggerAddress: localhost:51660}, javascriptEnabled: true, networkConnectionEnabled: false, pageLoadStrategy: normal, platform: MAC, platformName: MAC, proxy: Proxy(), setWindowRect: true, strictFileInteractability: false, timeouts: {implicit: 0, pageLoad: 300000, script: 30000}, unhandledPromptBehavior: dismiss and notify, webauthn:extension:credBlob: true, webauthn:extension:largeBlob: true, webauthn:virtualAuthenticators: true}
Session ID: 2c08b825efe6f58b83f1b0f5d56f9bbc
*** Element info: {Using=id, value=auto-test-forgotpass1}
	at org.openqa.selenium.remote.http.W3CHttpResponseCodec.createException(W3CHttpResponseCodec.java:187)
	at org.openqa.selenium.remote.http.W3CHttpResponseCodec.decode(W3CHttpResponseCodec.java:122)
	at org.openqa.selenium.remote.http.W3CHttpResponseCodec.decode(W3CHttpResponseCodec.java:49)
	at org.openqa.selenium.remote.HttpCommandExecutor.execute(HttpCommandExecutor.java:158)
	at org.openqa.selenium.remote.service.DriverCommandExecutor.execute(DriverCommandExecutor.java:83)
	at org.openqa.selenium.remote.RemoteWebDriver.execute(RemoteWebDriver.java:552)
	at org.openqa.selenium.remote.RemoteWebDriver.findElement(RemoteWebDriver.java:323)
	at org.openqa.selenium.remote.RemoteWebDriver.findElementById(RemoteWebDriver.java:372)
	at org.openqa.selenium.By$ById.findElement(By.java:188)
	at org.openqa.selenium.remote.RemoteWebDriver.findElement(RemoteWebDriver.java:315)
	at ui.TestsPanam.NotExistingMailTest(TestsPanam.java:467)
	at java.base/java.util.ArrayList.forEach(ArrayList.java:1507)
... Removed 32 stack frames</pre></div><a href='#' onClick='toggleBox("stack-trace475024998", this, "Click to show all stack frames", "Click to hide stack frames")'>Click to show all stack frames</a>
<div class='stack-trace' id='stack-trace475024998'><pre>org.openqa.selenium.NoSuchElementException: no such element: Unable to locate element: {&quot;method&quot;:&quot;css selector&quot;,&quot;selector&quot;:&quot;#auto\-test\-forgotpass1&quot;}
  (Session info: chrome=105.0.5195.125)
For documentation on this error, please visit: https://www.seleniumhq.org/exceptions/no_such_element.html
Build info: version: &apos;3.141.59&apos;, revision: &apos;e82be7d358&apos;, time: &apos;2018-11-14T08:17:03&apos;
System info: host: &apos;Ljupcos-Air&apos;, ip: &apos;fe80:0:0:0:1832:5ce0:4743:1d8d%en0&apos;, os.name: &apos;Mac OS X&apos;, os.arch: &apos;x86_64&apos;, os.version: &apos;10.16&apos;, java.version: &apos;13.0.2&apos;
Driver info: org.openqa.selenium.chrome.ChromeDriver
Capabilities {acceptInsecureCerts: false, browserName: chrome, browserVersion: 105.0.5195.125, chrome: {chromedriverVersion: 105.0.5195.52 (412c95e51883..., userDataDir: /var/folders/5q/b40p0g4154l...}, goog:chromeOptions: {debuggerAddress: localhost:51660}, javascriptEnabled: true, networkConnectionEnabled: false, pageLoadStrategy: normal, platform: MAC, platformName: MAC, proxy: Proxy(), setWindowRect: true, strictFileInteractability: false, timeouts: {implicit: 0, pageLoad: 300000, script: 30000}, unhandledPromptBehavior: dismiss and notify, webauthn:extension:credBlob: true, webauthn:extension:largeBlob: true, webauthn:virtualAuthenticators: true}
Session ID: 2c08b825efe6f58b83f1b0f5d56f9bbc
*** Element info: {Using=id, value=auto-test-forgotpass1}
	at java.base/jdk.internal.reflect.NativeConstructorAccessorImpl.newInstance0(Native Method)
	at java.base/jdk.internal.reflect.NativeConstructorAccessorImpl.newInstance(NativeConstructorAccessorImpl.java:62)
	at java.base/jdk.internal.reflect.DelegatingConstructorAccessorImpl.newInstance(DelegatingConstructorAccessorImpl.java:45)
	at java.base/java.lang.reflect.Constructor.newInstanceWithCaller(Constructor.java:500)
	at java.base/java.lang.reflect.Constructor.newInstance(Constructor.java:481)
	at org.openqa.selenium.remote.http.W3CHttpResponseCodec.createException(W3CHttpResponseCodec.java:187)
	at org.openqa.selenium.remote.http.W3CHttpResponseCodec.decode(W3CHttpResponseCodec.java:122)
	at org.openqa.selenium.remote.http.W3CHttpResponseCodec.decode(W3CHttpResponseCodec.java:49)
	at org.openqa.selenium.remote.HttpCommandExecutor.execute(HttpCommandExecutor.java:158)
	at org.openqa.selenium.remote.service.DriverCommandExecutor.execute(DriverCommandExecutor.java:83)
	at org.openqa.selenium.remote.RemoteWebDriver.execute(RemoteWebDriver.java:552)
	at org.openqa.selenium.remote.RemoteWebDriver.findElement(RemoteWebDriver.java:323)
	at org.openqa.selenium.remote.RemoteWebDriver.findElementById(RemoteWebDriver.java:372)
	at org.openqa.selenium.By$ById.findElement(By.java:188)
	at org.openqa.selenium.remote.RemoteWebDriver.findElement(RemoteWebDriver.java:315)
	at ui.TestsPanam.NotExistingMailTest(TestsPanam.java:467)
	at java.base/jdk.internal.reflect.NativeMethodAccessorImpl.invoke0(Native Method)
	at java.base/jdk.internal.reflect.NativeMethodAccessorImpl.invoke(NativeMethodAccessorImpl.java:62)
	at java.base/jdk.internal.reflect.DelegatingMethodAccessorImpl.invoke(DelegatingMethodAccessorImpl.java:43)
	at java.base/java.lang.reflect.Method.invoke(Method.java:567)
	at org.testng.internal.MethodInvocationHelper.invokeMethod(MethodInvocationHelper.java:133)
	at org.testng.internal.TestInvoker.invokeMethod(TestInvoker.java:598)
	at org.testng.internal.TestInvoker.invokeTestMethod(TestInvoker.java:173)
	at org.testng.internal.MethodRunner.runInSequence(MethodRunner.java:46)
	at org.testng.internal.TestInvoker$MethodInvocationAgent.invoke(TestInvoker.java:824)
	at org.testng.internal.TestInvoker.invokeTestMethods(TestInvoker.java:146)
	at org.testng.internal.TestMethodWorker.invokeTestMethods(TestMethodWorker.java:146)
	at org.testng.internal.TestMethodWorker.run(TestMethodWorker.java:128)
	at java.base/java.util.ArrayList.forEach(ArrayList.java:1507)
	at org.testng.TestRunner.privateRun(TestRunner.java:794)
	at org.testng.TestRunner.run(TestRunner.java:596)
	at org.testng.SuiteRunner.runTest(SuiteRunner.java:377)
	at org.testng.SuiteRunner.runSequentially(SuiteRunner.java:371)
	at org.testng.SuiteRunner.privateRun(SuiteRunner.java:332)
	at org.testng.SuiteRunner.run(SuiteRunner.java:276)
	at org.testng.SuiteRunnerWorker.runSuite(SuiteRunnerWorker.java:53)
	at org.testng.SuiteRunnerWorker.run(SuiteRunnerWorker.java:96)
	at org.testng.TestNG.runSuitesSequentially(TestNG.java:1212)
	at org.testng.TestNG.runSuitesLocally(TestNG.java:1134)
	at org.testng.TestNG.runSuites(TestNG.java:1063)
	at org.testng.TestNG.run(TestNG.java:1031)
	at org.testng.remote.AbstractRemoteTestNG.run(AbstractRemoteTestNG.java:115)
	at org.testng.remote.RemoteTestNG.initAndRun(RemoteTestNG.java:251)
	at org.testng.remote.RemoteTestNG.main(RemoteTestNG.java:77)
</pre></div></td>
<td>13</td>
<td>ui.TestsPanam@7adda9cc</td></tr>
<tr>
<td title='ui.TestsPanam.SubscribeFutureDateTest()'><b>SubscribeFutureDateTest</b><br>Test class: ui.TestsPanam</td>
<td><div><pre>org.openqa.selenium.NoSuchElementException: no such element: Unable to locate element: {&quot;method&quot;:&quot;css selector&quot;,&quot;selector&quot;:&quot;#auto_date_invalid&quot;}
  (Session info: chrome=105.0.5195.125)
For documentation on this error, please visit: https://www.seleniumhq.org/exceptions/no_such_element.html
Build info: version: &apos;3.141.59&apos;, revision: &apos;e82be7d358&apos;, time: &apos;2018-11-14T08:17:03&apos;
System info: host: &apos;Ljupcos-Air&apos;, ip: &apos;fe80:0:0:0:1832:5ce0:4743:1d8d%en0&apos;, os.name: &apos;Mac OS X&apos;, os.arch: &apos;x86_64&apos;, os.version: &apos;10.16&apos;, java.version: &apos;13.0.2&apos;
Driver info: org.openqa.selenium.chrome.ChromeDriver
Capabilities {acceptInsecureCerts: false, browserName: chrome, browserVersion: 105.0.5195.125, chrome: {chromedriverVersion: 105.0.5195.52 (412c95e51883..., userDataDir: /var/folders/5q/b40p0g4154l...}, goog:chromeOptions: {debuggerAddress: localhost:51660}, javascriptEnabled: true, networkConnectionEnabled: false, pageLoadStrategy: normal, platform: MAC, platformName: MAC, proxy: Proxy(), setWindowRect: true, strictFileInteractability: false, timeouts: {implicit: 0, pageLoad: 300000, script: 30000}, unhandledPromptBehavior: dismiss and notify, webauthn:extension:credBlob: true, webauthn:extension:largeBlob: true, webauthn:virtualAuthenticators: true}
Session ID: 2c08b825efe6f58b83f1b0f5d56f9bbc
*** Element info: {Using=id, value=auto_date_invalid}
	at org.openqa.selenium.remote.http.W3CHttpResponseCodec.createException(W3CHttpResponseCodec.java:187)
	at org.openqa.selenium.remote.http.W3CHttpResponseCodec.decode(W3CHttpResponseCodec.java:122)
	at org.openqa.selenium.remote.http.W3CHttpResponseCodec.decode(W3CHttpResponseCodec.java:49)
	at org.openqa.selenium.remote.HttpCommandExecutor.execute(HttpCommandExecutor.java:158)
	at org.openqa.selenium.remote.service.DriverCommandExecutor.execute(DriverCommandExecutor.java:83)
	at org.openqa.selenium.remote.RemoteWebDriver.execute(RemoteWebDriver.java:552)
	at org.openqa.selenium.remote.RemoteWebDriver.findElement(RemoteWebDriver.java:323)
	at org.openqa.selenium.remote.RemoteWebDriver.findElementById(RemoteWebDriver.java:372)
	at org.openqa.selenium.By$ById.findElement(By.java:188)
	at org.openqa.selenium.remote.RemoteWebDriver.findElement(RemoteWebDriver.java:315)
	at ui.TestsPanam.SubscribeFutureDateTest(TestsPanam.java:723)
	at java.base/java.util.ArrayList.forEach(ArrayList.java:1507)
... Removed 32 stack frames</pre></div><a href='#' onClick='toggleBox("stack-trace65305091", this, "Click to show all stack frames", "Click to hide stack frames")'>Click to show all stack frames</a>
<div class='stack-trace' id='stack-trace65305091'><pre>org.openqa.selenium.NoSuchElementException: no such element: Unable to locate element: {&quot;method&quot;:&quot;css selector&quot;,&quot;selector&quot;:&quot;#auto_date_invalid&quot;}
  (Session info: chrome=105.0.5195.125)
For documentation on this error, please visit: https://www.seleniumhq.org/exceptions/no_such_element.html
Build info: version: &apos;3.141.59&apos;, revision: &apos;e82be7d358&apos;, time: &apos;2018-11-14T08:17:03&apos;
System info: host: &apos;Ljupcos-Air&apos;, ip: &apos;fe80:0:0:0:1832:5ce0:4743:1d8d%en0&apos;, os.name: &apos;Mac OS X&apos;, os.arch: &apos;x86_64&apos;, os.version: &apos;10.16&apos;, java.version: &apos;13.0.2&apos;
Driver info: org.openqa.selenium.chrome.ChromeDriver
Capabilities {acceptInsecureCerts: false, browserName: chrome, browserVersion: 105.0.5195.125, chrome: {chromedriverVersion: 105.0.5195.52 (412c95e51883..., userDataDir: /var/folders/5q/b40p0g4154l...}, goog:chromeOptions: {debuggerAddress: localhost:51660}, javascriptEnabled: true, networkConnectionEnabled: false, pageLoadStrategy: normal, platform: MAC, platformName: MAC, proxy: Proxy(), setWindowRect: true, strictFileInteractability: false, timeouts: {implicit: 0, pageLoad: 300000, script: 30000}, unhandledPromptBehavior: dismiss and notify, webauthn:extension:credBlob: true, webauthn:extension:largeBlob: true, webauthn:virtualAuthenticators: true}
Session ID: 2c08b825efe6f58b83f1b0f5d56f9bbc
*** Element info: {Using=id, value=auto_date_invalid}
	at java.base/jdk.internal.reflect.NativeConstructorAccessorImpl.newInstance0(Native Method)
	at java.base/jdk.internal.reflect.NativeConstructorAccessorImpl.newInstance(NativeConstructorAccessorImpl.java:62)
	at java.base/jdk.internal.reflect.DelegatingConstructorAccessorImpl.newInstance(DelegatingConstructorAccessorImpl.java:45)
	at java.base/java.lang.reflect.Constructor.newInstanceWithCaller(Constructor.java:500)
	at java.base/java.lang.reflect.Constructor.newInstance(Constructor.java:481)
	at org.openqa.selenium.remote.http.W3CHttpResponseCodec.createException(W3CHttpResponseCodec.java:187)
	at org.openqa.selenium.remote.http.W3CHttpResponseCodec.decode(W3CHttpResponseCodec.java:122)
	at org.openqa.selenium.remote.http.W3CHttpResponseCodec.decode(W3CHttpResponseCodec.java:49)
	at org.openqa.selenium.remote.HttpCommandExecutor.execute(HttpCommandExecutor.java:158)
	at org.openqa.selenium.remote.service.DriverCommandExecutor.execute(DriverCommandExecutor.java:83)
	at org.openqa.selenium.remote.RemoteWebDriver.execute(RemoteWebDriver.java:552)
	at org.openqa.selenium.remote.RemoteWebDriver.findElement(RemoteWebDriver.java:323)
	at org.openqa.selenium.remote.RemoteWebDriver.findElementById(RemoteWebDriver.java:372)
	at org.openqa.selenium.By$ById.findElement(By.java:188)
	at org.openqa.selenium.remote.RemoteWebDriver.findElement(RemoteWebDriver.java:315)
	at ui.TestsPanam.SubscribeFutureDateTest(TestsPanam.java:723)
	at java.base/jdk.internal.reflect.NativeMethodAccessorImpl.invoke0(Native Method)
	at java.base/jdk.internal.reflect.NativeMethodAccessorImpl.invoke(NativeMethodAccessorImpl.java:62)
	at java.base/jdk.internal.reflect.DelegatingMethodAccessorImpl.invoke(DelegatingMethodAccessorImpl.java:43)
	at java.base/java.lang.reflect.Method.invoke(Method.java:567)
	at org.testng.internal.MethodInvocationHelper.invokeMethod(MethodInvocationHelper.java:133)
	at org.testng.internal.TestInvoker.invokeMethod(TestInvoker.java:598)
	at org.testng.internal.TestInvoker.invokeTestMethod(TestInvoker.java:173)
	at org.testng.internal.MethodRunner.runInSequence(MethodRunner.java:46)
	at org.testng.internal.TestInvoker$MethodInvocationAgent.invoke(TestInvoker.java:824)
	at org.testng.internal.TestInvoker.invokeTestMethods(TestInvoker.java:146)
	at org.testng.internal.TestMethodWorker.invokeTestMethods(TestMethodWorker.java:146)
	at org.testng.internal.TestMethodWorker.run(TestMethodWorker.java:128)
	at java.base/java.util.ArrayList.forEach(ArrayList.java:1507)
	at org.testng.TestRunner.privateRun(TestRunner.java:794)
	at org.testng.TestRunner.run(TestRunner.java:596)
	at org.testng.SuiteRunner.runTest(SuiteRunner.java:377)
	at org.testng.SuiteRunner.runSequentially(SuiteRunner.java:371)
	at org.testng.SuiteRunner.privateRun(SuiteRunner.java:332)
	at org.testng.SuiteRunner.run(SuiteRunner.java:276)
	at org.testng.SuiteRunnerWorker.runSuite(SuiteRunnerWorker.java:53)
	at org.testng.SuiteRunnerWorker.run(SuiteRunnerWorker.java:96)
	at org.testng.TestNG.runSuitesSequentially(TestNG.java:1212)
	at org.testng.TestNG.runSuitesLocally(TestNG.java:1134)
	at org.testng.TestNG.runSuites(TestNG.java:1063)
	at org.testng.TestNG.run(TestNG.java:1031)
	at org.testng.remote.AbstractRemoteTestNG.run(AbstractRemoteTestNG.java:115)
	at org.testng.remote.RemoteTestNG.initAndRun(RemoteTestNG.java:251)
	at org.testng.remote.RemoteTestNG.main(RemoteTestNG.java:77)
</pre></div></td>
<td>10</td>
<td>ui.TestsPanam@7adda9cc</td></tr>
</table><p>
<table width='100%' border='1' class='invocation-passed'>
<tr><td colspan='4' align='center'><b>PASSED TESTS</b></td></tr>
<tr><td><b>Test method</b></td>
<td width="30%"><b>Exception</b></td>
<td width="10%"><b>Time (seconds)</b></td>
<td><b>Instance</b></td>
</tr>
<tr>
<td title='ui.TestsPanam.StartForgotPasswordTest()'><b>StartForgotPasswordTest</b><br>Test class: ui.TestsPanam</td>
<td></td>
<td>3</td>
<td>ui.TestsPanam@7adda9cc</td></tr>
<tr>
<td title='ui.TestsPanam.EmptyMailLoginTest()'><b>EmptyMailLoginTest</b><br>Test class: ui.TestsPanam</td>
<td></td>
<td>0</td>
<td>ui.TestsPanam@7adda9cc</td></tr>
<tr>
<td title='ui.TestsPanam.CorrectUserWrongPasswordLoginTest()'><b>CorrectUserWrongPasswordLoginTest</b><br>Test class: ui.TestsPanam</td>
<td></td>
<td>6</td>
<td>ui.TestsPanam@7adda9cc</td></tr>
<tr>
<td title='ui.TestsPanam.LogoutTest()'><b>LogoutTest</b><br>Test class: ui.TestsPanam</td>
<td></td>
<td>0</td>
<td>ui.TestsPanam@7adda9cc</td></tr>
<tr>
<td title='ui.TestsPanam.SuccessfulLoginTest()'><b>SuccessfulLoginTest</b><br>Test class: ui.TestsPanam</td>
<td></td>
<td>4</td>
<td>ui.TestsPanam@7adda9cc</td></tr>
<tr>
<td title='ui.TestsPanam.SubscribeFavoriteSportTest()'><b>SubscribeFavoriteSportTest</b><br>Test class: ui.TestsPanam</td>
<td></td>
<td>0</td>
<td>ui.TestsPanam@7adda9cc</td></tr>
<tr>
<td title='ui.TestsPanam.StartLoginTest()'><b>StartLoginTest</b><br>Test class: ui.TestsPanam</td>
<td></td>
<td>1</td>
<td>ui.TestsPanam@7adda9cc</td></tr>
<tr>
<td title='ui.TestsPanam.EmptyMailPasswordLoginTest()'><b>EmptyMailPasswordLoginTest</b><br>Test class: ui.TestsPanam</td>
<td></td>
<td>2</td>
<td>ui.TestsPanam@7adda9cc</td></tr>
<tr>
<td title='ui.TestsPanam.CancelButtonTest()'><b>CancelButtonTest</b><br>Test class: ui.TestsPanam</td>
<td></td>
<td>0</td>
<td>ui.TestsPanam@7adda9cc</td></tr>
<tr>
<td title='ui.TestsPanam.WrongUserCorrectPasswordLoginTest()'><b>WrongUserCorrectPasswordLoginTest</b><br>Test class: ui.TestsPanam</td>
<td></td>
<td>4</td>
<td>ui.TestsPanam@7adda9cc</td></tr>
<tr>
<td title='ui.TestsPanam.MyAccountTest()'><b>MyAccountTest</b><br>Test class: ui.TestsPanam</td>
<td></td>
<td>40</td>
<td>ui.TestsPanam@7adda9cc</td></tr>
<tr>
<td title='ui.TestsPanam.CheckSubscribeFieldsTest()'><b>CheckSubscribeFieldsTest</b><br>Test class: ui.TestsPanam</td>
<td></td>
<td>7</td>
<td>ui.TestsPanam@7adda9cc</td></tr>
<tr>
<td title='ui.TestsPanam.SubscribeShortPasswordTest()'><b>SubscribeShortPasswordTest</b><br>Test class: ui.TestsPanam</td>
<td></td>
<td>0</td>
<td>ui.TestsPanam@7adda9cc</td></tr>
<tr>
<td title='ui.TestsPanam.SubscribeCreateNewUserTest()'><b>SubscribeCreateNewUserTest</b><br>Test class: ui.TestsPanam</td>
<td></td>
<td>0</td>
<td>ui.TestsPanam@7adda9cc</td></tr>
<tr>
<td title='ui.TestsPanam.SubscribeEnterCountryTest()'><b>SubscribeEnterCountryTest</b><br>Test class: ui.TestsPanam</td>
<td></td>
<td>0</td>
<td>ui.TestsPanam@7adda9cc</td></tr>
<tr>
<td title='ui.TestsPanam.SubscribeExistedUserTest()'><b>SubscribeExistedUserTest</b><br>Test class: ui.TestsPanam</td>
<td></td>
<td>13</td>
<td>ui.TestsPanam@7adda9cc</td></tr>
<tr>
<td title='ui.TestsPanam.SubscribeEnterLastNameTest()'><b>SubscribeEnterLastNameTest</b><br>Test class: ui.TestsPanam</td>
<td></td>
<td>0</td>
<td>ui.TestsPanam@7adda9cc</td></tr>
<tr>
<td title='ui.TestsPanam.SubscribeEmptyFieldsTest()'><b>SubscribeEmptyFieldsTest</b><br>Test class: ui.TestsPanam</td>
<td></td>
<td>0</td>
<td>ui.TestsPanam@7adda9cc</td></tr>
<tr>
<td title='ui.TestsPanam.SubscribeEnterFirstNameTest()'><b>SubscribeEnterFirstNameTest</b><br>Test class: ui.TestsPanam</td>
<td></td>
<td>0</td>
<td>ui.TestsPanam@7adda9cc</td></tr>
<tr>
<td title='ui.TestsPanam.SubscribeShortConfirmPasswordTest()'><b>SubscribeShortConfirmPasswordTest</b><br>Test class: ui.TestsPanam</td>
<td></td>
<td>0</td>
<td>ui.TestsPanam@7adda9cc</td></tr>
<tr>
<td title='ui.TestsPanam.SubscribeNotMatchedPasswordTest()'><b>SubscribeNotMatchedPasswordTest</b><br>Test class: ui.TestsPanam</td>
<td></td>
<td>0</td>
<td>ui.TestsPanam@7adda9cc</td></tr>
<tr>
<td title='ui.TestsPanam.SubscribeSelectTermsPrivacyCheckBoxTest()'><b>SubscribeSelectTermsPrivacyCheckBoxTest</b><br>Test class: ui.TestsPanam</td>
<td></td>
<td>0</td>
<td>ui.TestsPanam@7adda9cc</td></tr>
<tr>
<td title='ui.TestsPanam.EmptyPasswordLoginTest()'><b>EmptyPasswordLoginTest</b><br>Test class: ui.TestsPanam</td>
<td></td>
<td>3</td>
<td>ui.TestsPanam@7adda9cc</td></tr>
<tr>
<td title='ui.TestsPanam.WrongFormatMailTest()'><b>WrongFormatMailTest</b><br>Test class: ui.TestsPanam</td>
<td></td>
<td>0</td>
<td>ui.TestsPanam@7adda9cc</td></tr>
<tr>
<td title='ui.TestsPanam.SubscribeBadFormatedMailTest()'><b>SubscribeBadFormatedMailTest</b><br>Test class: ui.TestsPanam</td>
<td></td>
<td>0</td>
<td>ui.TestsPanam@7adda9cc</td></tr>
<tr>
<td title='ui.TestsPanam.WrongUserWrongPasswordLoginTest()'><b>WrongUserWrongPasswordLoginTest</b><br>Test class: ui.TestsPanam</td>
<td></td>
<td>8</td>
<td>ui.TestsPanam@7adda9cc</td></tr>
<tr>
<td title='ui.TestsPanam.EmptyMailTest()'><b>EmptyMailTest</b><br>Test class: ui.TestsPanam</td>
<td></td>
<td>0</td>
<td>ui.TestsPanam@7adda9cc</td></tr>
<tr>
<td title='ui.TestsPanam.SubscribeButtonTest()'><b>SubscribeButtonTest</b><br>Test class: ui.TestsPanam</td>
<td></td>
<td>6</td>
<td>ui.TestsPanam@7adda9cc</td></tr>
</table><p>
</body>
</html>